<?xml version="1.0" encoding="UTF-8"?>
<testng-results ignored="0" total="1" passed="1" failed="0" skipped="0">
  <reporter-output>
  </reporter-output>
  <suite started-at="2023-04-21T18:21:44 CEST" name="Surefire suite" finished-at="2023-04-21T18:21:44 CEST" duration-ms="48">
    <groups>
    </groups>
    <test started-at="2023-04-21T18:21:44 CEST" name="Surefire test" finished-at="2023-04-21T18:21:44 CEST" duration-ms="48">
      <class name="SeleniumTest">
        <test-method signature="sampleTest()[pri:0, instance:SeleniumTest@60dcc9fe]" started-at="2023-04-21T18:21:44 CEST" name="sampleTest" finished-at="2023-04-21T18:21:44 CEST" duration-ms="7" status="PASS">
          <reporter-output>
          </reporter-output>
        </test-method> <!-- sampleTest -->
      </class> <!-- SeleniumTest -->
    </test> <!-- Surefire test -->
  </suite> <!-- Surefire suite -->
</testng-results>
